<?xml version="1.0" encoding="utf-8" standalone="no"?>
<!--This file represents the results of running a test suite-->
<test-results name="E:\Projects\ASP\GlobalApp\TestProject\bin\Debug\TestProject.dll" total="1" errors="1" failures="0" not-run="0" inconclusive="0" ignored="0" skipped="0" invalid="0" date="2013-02-24" time="19:43:42">
  <environment nunit-version="2.6.2.12296" clr-version="2.0.50727.6400" os-version="Microsoft Windows NT 6.2.9200.0" platform="Win32NT" cwd="E:\Projects\ASP\GlobalApp\TestProject\obj\Debug" machine-name="WORKBOOK" user="hyper_000" user-domain="WORKBOOK" />
  <culture-info current-culture="ru-RU" current-uiculture="ru-RU" />
  <test-suite type="Assembly" name="E:\Projects\ASP\GlobalApp\TestProject\bin\Debug\TestProject.dll" executed="True" result="Failure" success="False" time="0.002" asserts="0">
    <results>
      <test-suite type="Namespace" name="TestProject" executed="True" result="Failure" success="False" time="0.002" asserts="0">
        <results>
          <test-suite type="TestFixture" name="InputTest" executed="True" result="Failure" success="False" time="0.002" asserts="0">
            <results>
              <test-case name="TestProject.InputTest.BeginTest" executed="True" result="Error" success="False" time="0.001" asserts="0">
                <failure>
                  <message><![CDATA[System.InvalidOperationException : Use WaveInEvent to record on a background thread]]></message>
                  <stack-trace><![CDATA[в NAudio.Wave.WaveIn..ctor(WaveCallbackInfo callbackInfo)
в GlobalApp.TunerLib.Classes.Input.Begin(Int32 inputDevice) в e:\Projects\ASP\GlobalApp\GlobalApp.TunerLib\Classes\Input.cs:строка 72
в TestProject.InputTest.BeginTest() в e:\Projects\ASP\GlobalApp\TestProject\InputTest.cs:строка 12
]]></stack-trace>
                </failure>
              </test-case>
            </results>
          </test-suite>
        </results>
      </test-suite>
    </results>
  </test-suite>
</test-results>